<?xml version="1.0" encoding="UTF-8"?>
<testsuite xmlns:xsi="http://www.w3.org/2001/XMLSchema-instance" xsi:noNamespaceSchemaLocation="https://maven.apache.org/surefire/maven-surefire-plugin/xsd/surefire-test-report-3.0.xsd" version="3.0" name="com.rajeshphysics.RajeshphysicsApplicationTests" time="3.613" tests="1" errors="0" skipped="0" failures="0">
  <properties>
[...]
</properties>
  <testcase name="contextLoads" classname="com.rajeshphysics.RajeshphysicsApplicationTests" time="0.346">
    <system-out><![CDATA[03:49:40.296 [main] INFO org.springframework.test.context.support.AnnotationConfigContextLoaderUtils -- Could not detect default configuration classes for test class [com.rajeshphysics.RajeshphysicsApplicationTests]: RajeshphysicsApplicationTests does not declare any static, non-private, non-final, nested classes annotated with @Configuration.
03:49:40.392 [main] INFO org.springframework.boot.test.context.SpringBootTestContextBootstrapper -- Found @SpringBootConfiguration com.rajeshphysics.RajeshphysicsApplication for test class com.rajeshphysics.RajeshphysicsApplicationTests
03:49:40.497 [main] INFO org.springframework.boot.devtools.restart.RestartApplicationListener -- Restart disabled due to context in which it is running

  .   ____          _            __ _ _
 /\\ / ___'_ __ _ _(_)_ __  __ _ \ \ \ \
( ( )\___ | '_ | '_| | '_ \/ _` | \ \ \ \
 \\/  ___)| |_)| | | | | || (_| |  ) ) ) )
  '  |____| .__|_| |_|_| |_\__, | / / / /
 =========|_|==============|___/=/_/_/_/

 :: Spring Boot ::                (v3.3.6)

2024-12-27T03:49:40.625+05:30  INFO 109009 --- [rajeshphysics] [           main] c.r.RajeshphysicsApplicationTests        : Starting RajeshphysicsApplicationTests using Java 17.0.13 with PID 109009 (started by root in /opt/sts-workspace/rajeshphysics)
2024-12-27T03:49:40.626+05:30  INFO 109009 --- [rajeshphysics] [           main] c.r.RajeshphysicsApplicationTests        : No active profile set, falling back to 1 default profile: "default"
2024-12-27T03:49:41.094+05:30  INFO 109009 --- [rajeshphysics] [           main] .s.d.r.c.RepositoryConfigurationDelegate : Bootstrapping Spring Data JPA repositories in DEFAULT mode.
2024-12-27T03:49:41.148+05:30  INFO 109009 --- [rajeshphysics] [           main] .s.d.r.c.RepositoryConfigurationDelegate : Finished Spring Data repository scanning in 49 ms. Found 10 JPA repository interfaces.
2024-12-27T03:49:41.437+05:30  INFO 109009 --- [rajeshphysics] [           main] o.hibernate.jpa.internal.util.LogHelper  : HHH000204: Processing PersistenceUnitInfo [name: default]
2024-12-27T03:49:41.468+05:30  INFO 109009 --- [rajeshphysics] [           main] org.hibernate.Version                    : HHH000412: Hibernate ORM core version 6.5.3.Final
2024-12-27T03:49:41.484+05:30  INFO 109009 --- [rajeshphysics] [           main] o.h.c.internal.RegionFactoryInitiator    : HHH000026: Second-level cache disabled
2024-12-27T03:49:41.630+05:30  INFO 109009 --- [rajeshphysics] [           main] o.s.o.j.p.SpringPersistenceUnitInfo      : No LoadTimeWeaver setup: ignoring JPA class transformer
2024-12-27T03:49:41.644+05:30  INFO 109009 --- [rajeshphysics] [           main] com.zaxxer.hikari.HikariDataSource       : HikariPool-1 - Starting...
2024-12-27T03:49:41.851+05:30  INFO 109009 --- [rajeshphysics] [           main] com.zaxxer.hikari.pool.HikariPool        : HikariPool-1 - Added connection com.mysql.cj.jdbc.ConnectionImpl@3c9f4376
2024-12-27T03:49:41.853+05:30  INFO 109009 --- [rajeshphysics] [           main] com.zaxxer.hikari.HikariDataSource       : HikariPool-1 - Start completed.
2024-12-27T03:49:41.896+05:30  WARN 109009 --- [rajeshphysics] [           main] org.hibernate.orm.deprecation            : HHH90000025: MySQLDialect does not need to be specified explicitly using 'hibernate.dialect' (remove the property setting and it will be selected by default)
2024-12-27T03:49:42.489+05:30  INFO 109009 --- [rajeshphysics] [           main] o.h.e.t.j.p.i.JtaPlatformInitiator       : HHH000489: No JTA platform available (set 'hibernate.transaction.jta.platform' to enable JTA platform integration)
2024-12-27T03:49:42.607+05:30  INFO 109009 --- [rajeshphysics] [           main] j.LocalContainerEntityManagerFactoryBean : Initialized JPA EntityManagerFactory for persistence unit 'default'
2024-12-27T03:49:42.788+05:30  INFO 109009 --- [rajeshphysics] [           main] o.s.d.j.r.query.QueryEnhancerFactory     : Hibernate is in classpath; If applicable, HQL parser will be used.
2024-12-27T03:49:42.836+05:30  INFO 109009 --- [rajeshphysics] [           main] c.r.Securities.SecurityConfig            : Setting up DaoAuthenticationProvider
2024-12-27T03:49:42.847+05:30  INFO 109009 --- [rajeshphysics] [           main] eAuthenticationProviderManagerConfigurer : Global AuthenticationManager configured with AuthenticationProvider bean with name daoAuthenticationProvider
2024-12-27T03:49:42.847+05:30  WARN 109009 --- [rajeshphysics] [           main] r$InitializeUserDetailsManagerConfigurer : Global AuthenticationManager configured with an AuthenticationProvider bean. UserDetailsService beans will not be used for username/password login. Consider removing the AuthenticationProvider bean. Alternatively, consider using the UserDetailsService in a manually instantiated DaoAuthenticationProvider.
2024-12-27T03:49:42.978+05:30  WARN 109009 --- [rajeshphysics] [           main] JpaBaseConfiguration$JpaWebConfiguration : spring.jpa.open-in-view is enabled by default. Therefore, database queries may be performed during view rendering. Explicitly configure spring.jpa.open-in-view to disable this warning
2024-12-27T03:49:43.028+05:30  INFO 109009 --- [rajeshphysics] [           main] o.s.b.a.w.s.WelcomePageHandlerMapping    : Adding welcome page template: index
2024-12-27T03:49:43.145+05:30  INFO 109009 --- [rajeshphysics] [           main] c.r.Securities.SecurityConfig            : Configuring security filter chain
2024-12-27T03:49:43.341+05:30  INFO 109009 --- [rajeshphysics] [           main] c.r.RajeshphysicsApplicationTests        : Started RajeshphysicsApplicationTests in 2.85 seconds (process running for 3.495)
2024-12-27T03:49:43.343+05:30  INFO 109009 --- [rajeshphysics] [           main] c.r.RajeshphysicsApplication             : Checking Role is exit or Not
2024-12-27T03:49:43.421+05:30  WARN 109009 --- [rajeshphysics] [           main] c.r.RajeshphysicsApplication             : Roles is already added : ADMIN
2024-12-27T03:49:43.425+05:30  WARN 109009 --- [rajeshphysics] [           main] c.r.RajeshphysicsApplication             : Roles is already added : STUDENT
2024-12-27T03:49:43.425+05:30  INFO 109009 --- [rajeshphysics] [           main] c.r.RajeshphysicsApplication             : Checking user is exit or Not
2024-12-27T03:49:43.441+05:30  WARN 109009 --- [rajeshphysics] [           main] c.r.RajeshphysicsApplication             : User is already added : 9939718838
]]></system-out>
  </testcase>
</testsuite>